<?xml version="1.0" encoding="UTF-8"?>
<!-- Generated by org.testng.reporters.JUnitReportReporter -->
<testsuite hostname="LAPTOP-SV6GEHJH" failures="0" tests="1" name="com.learnauto.testcases.Testcasewiyhoutframework" time="1.563" errors="0" timestamp="2022-04-09T10:22:24 IST" skipped="0">
  <testcase classname="com.learnauto.testcases.Testcasewiyhoutframework" name="test1" time="1.563"/>
</testsuite> <!-- com.learnauto.testcases.Testcasewiyhoutframework -->
