<?xml version="1.0" encoding="UTF-8"?>
<!-- Generated by org.testng.reporters.JUnitReportReporter -->
<testsuite hostname="LAPTOP-SV6GEHJH" failures="0" tests="1" name="testngs.Bigbasket" time="6.862" errors="0" timestamp="2022-04-09T11:15:25 IST" skipped="0">
  <testcase classname="testngs.Bigbasket" name="testcae1" time="6.862"/>
</testsuite> <!-- testngs.Bigbasket -->
