<?xml version="1.0" encoding="UTF-8"?>
<!-- Generated by org.testng.reporters.JUnitReportReporter -->
<testsuite hostname="LAPTOP-SV6GEHJH" failures="0" tests="2" name="automationpracticetestcses.Loginpages" time="34.134" errors="0" timestamp="2022-04-11T11:49:13 IST" skipped="0">
  <testcase classname="automationpracticetestcses.Loginpages" name="testCase002" time="9.470"/>
  <system-out/>
  <testcase classname="automationpracticetestcses.Loginpages" name="testCase001" time="24.664"/>
  <system-out/>
</testsuite> <!-- automationpracticetestcses.Loginpages -->
