<?xml version="1.0" encoding="UTF-8"?>
<!-- Generated by org.testng.reporters.JUnitReportReporter -->
<testsuite hostname="LAPTOP-SV6GEHJH" failures="0" tests="1" name="log4j.Log4jverify" time="0.011" errors="0" timestamp="2022-04-11T11:36:14 IST" skipped="0">
  <testcase classname="log4j.Log4jverify" name="doIt" time="0.011"/>
  <system-out/>
</testsuite> <!-- log4j.Log4jverify -->
